<?xml version="1.0" encoding="UTF-8"?>
<testsuite name="MainTest" tests="5" skipped="0" failures="0" errors="0" timestamp="2025-05-17T00:00:47" hostname="fedora" time="0.023">
  <properties/>
  <testcase name="testMain()" classname="MainTest" time="0.015"/>
  <testcase name="testCalculateComplexDiscount()" classname="MainTest" time="0.001"/>
  <testcase name="testCalculateSpecialDiscountBoundaryValues()" classname="MainTest" time="0.002"/>
  <testcase name="testCalculateSpecialDiscount()" classname="MainTest" time="0.001"/>
  <testcase name="testCalculateComplexDiscountBoundaryValues()" classname="MainTest" time="0.0"/>
  <system-out><![CDATA[]]></system-out>
  <system-err><![CDATA[]]></system-err>
</testsuite>
